#
# A fatal error has been detected by the Java Runtime Environment:
#
#  SIGBUS (0xa) at pc=0x00007fff719b1f6d, pid=4402, tid=0x0000000000001703
#
# JRE version: Java(TM) SE Runtime Environment (8.0_131-b11) (build 1.8.0_131-b11)
# Java VM: Java HotSpot(TM) 64-Bit Server VM (25.131-b11 mixed mode bsd-amd64 compressed oops)
# Problematic frame:
# C  [libsystem_platform.dylib+0x4f6d]  _platform_memmove$VARIANT$Haswell+0x4d
#
# Failed to write core dump. Core dumps have been disabled. To enable core dumping, try "ulimit -c unlimited" before starting Java again
#
# If you would like to submit a bug report, please visit:
#   http://bugreport.java.com/bugreport/crash.jsp
#

---------------  T H R E A D  ---------------

Current thread (0x00007f88ec801000):  JavaThread "main" [_thread_in_vm, id=5891, stack(0x000070000975e000,0x000070000985e000)]

siginfo: si_signo: 10 (SIGBUS), si_code: 2 (BUS_ADRERR), si_addr: 0x000000010b0c5509

Registers:
RAX=0x00000007ab53acb0, RBX=0x0000000000000010, RCX=0x000000010b0c54e6, RDX=0x0000000000000033
RSP=0x000070000985cc60, RBP=0x000070000985cc60, RSI=0x000000010b0c54e6, RDI=0x00000007ab53acb0
R8 =0x00000007c00007a8, R9 =0x0000000000000010, R10=0x000000011193b9c8, R11=0x00000006a04757ca
R12=0x0000000000000000, R13=0x00007f88ec801000, R14=0x000070000985cd98, R15=0x000000010b0c54e6
RIP=0x00007fff719b1f6d, EFLAGS=0x0000000000010202, ERR=0x0000000000000004
  TRAPNO=0x000000000000000e

Top of Stack: (sp=0x000070000985cc60)
0x000070000985cc60:   000070000985cc70 00000001043e698f
0x000070000985cc70:   000070000985ccc0 000000010478323d
0x000070000985cc80:   00007f88ec502df0 00007f88ec801000
0x000070000985cc90:   00007f88ec801000 0000000107b38ea8
0x000070000985cca0:   0000000000000000 0000000107b38ea8
0x000070000985ccb0:   000070000985cdb8 00007f88ec801000
0x000070000985ccc0:   000070000985cd58 000000011193b9f4
0x000070000985ccd0:   0000000000000033 00007f88ec801000
0x000070000985cce0:   0000000107eef930 0000000107ff3db0
0x000070000985ccf0:   00007f88ec502df0 000070000985cee8
0x000070000985cd00:   00007f88ec801000 0000000000000003
0x000070000985cd10:   000070000985cda0 000070000985cd18
0x000070000985cd20:   0000000000000000 000070000985cdb8
0x000070000985cd30:   0000000107b66270 0000000000000000
0x000070000985cd40:   0000000107b38ea8 0000000000000000
0x000070000985cd50:   000070000985cd78 000070000985ce00
0x000070000985cd60:   000000011192c2bd 0000000000000000
0x000070000985cd70:   0000000111935538 0000000000000033
0x000070000985cd80:   000070000985cda0 0000000000000010
0x000070000985cd90:   000070000985ce08 00000007ab53aca0
0x000070000985cda0:   000000010b0c54e6 000000010470101a
0x000070000985cdb0:   0000000000000000 00000007aab089a0
0x000070000985cdc0:   000070000985cdc0 0000000107c18ef2
0x000070000985cdd0:   000070000985ce70 0000000107c19780
0x000070000985cde0:   0000000000000000 0000000107c18f20
0x000070000985cdf0:   000070000985cd78 000070000985ce30
0x000070000985ce00:   000070000985ceb8 000000011192c2bd
0x000070000985ce10:   0000000000000033 0000000000000000
0x000070000985ce20:   0000000000000010 0000000000000000
0x000070000985ce30:   0000000000000033 0000000000000000
0x000070000985ce40:   0000000000000000 0000000000000000
0x000070000985ce50:   0000000000000010 000070000985ceb8 

Instructions: (pc=0x00007fff719b1f6d)
0x00007fff719b1f4d:   48 39 fe 74 f9 48 01 d6 48 01 d7 48 83 fa 60 0f
0x00007fff719b1f5d:   82 8c 01 00 00 e9 a9 01 00 00 48 83 fa 10 76 56
0x00007fff719b1f6d:   c5 f8 10 4c 16 f0 48 83 ea 20 76 2a c5 fc 10 06
0x00007fff719b1f7d:   c5 fc 11 07 48 83 c6 20 48 83 c7 20 48 83 ea 20 

Register to memory mapping:

RAX=0x00000007ab53acb0 is an oop
